#
# There is insufficient memory for the Java Runtime Environment to continue.
# Native memory allocation (mmap) failed to map 65536 bytes for Failed to commit area from 0x0000029e536c0000 to 0x0000029e536d0000 of length 65536.
# Possible reasons:
#   The system is out of physical RAM or swap space
#   The process is running with CompressedOops enabled, and the Java Heap may be blocking the growth of the native heap
# Possible solutions:
#   Reduce memory load on the system
#   Increase physical memory or swap space
#   Check if swap backing store is full
#   Decrease Java heap size (-Xmx/-Xms)
#   Decrease number of Java threads
#   Decrease Java thread stack sizes (-Xss)
#   Set larger code cache with -XX:ReservedCodeCacheSize=
# This output file may be truncated or incomplete.
#
#  Out of Memory Error (./src/hotspot/os/windows/os_windows.cpp:3301), pid=126960, tid=126160
#
# JRE version:  (11.0.11+9) (build )
# Java VM: OpenJDK 64-Bit Server VM (11.0.11+9-b1341.60, mixed mode, sharing, tiered, compressed oops, g1 gc, windows-amd64)
# No core dump will be written. Minidumps are not enabled by default on client versions of Windows
#

---------------  S U M M A R Y ------------

Command Line: org.jetbrains.git4idea.http.GitAskPassApp Username for 'https://gitee.com': 

Host: Intel(R) Core(TM) i7-7700 CPU @ 3.60GHz, 8 cores, 31G,  Windows 10 , 64 bit Build 19041 (10.0.19041.546)
Time: Fri Sep 30 15:23:18 2022 中国标准时间 elapsed time: 0.015575 seconds (0d 0h 0m 0s)

---------------  T H R E A D  ---------------

Current thread (0x0000029e3379a000):  JavaThread "Unknown thread" [_thread_in_vm, id=126160, stack(0x000000ce21700000,0x000000ce21800000)]

Stack: [0x000000ce21700000,0x000000ce21800000]
Native frames: (J=compiled Java code, j=interpreted, Vv=VM code, C=native code)
V  [jvm.dll+0x5f5c8a]
V  [jvm.dll+0x779405]
V  [jvm.dll+0x77aa1d]
V  [jvm.dll+0x77b0d3]
V  [jvm.dll+0x244bc8]
V  [jvm.dll+0x5f3084]
V  [jvm.dll+0x5e7fe5]
V  [jvm.dll+0x30098b]
V  [jvm.dll+0x3008fa]
V  [jvm.dll+0x3007d2]
V  [jvm.dll+0x3057c5]
V  [jvm.dll+0x34e377]
V  [jvm.dll+0x34ea56]
V  [jvm.dll+0x34e453]
V  [jvm.dll+0x2db398]
V  [jvm.dll+0x2dc547]
V  [jvm.dll+0x757bf7]
V  [jvm.dll+0x7593ec]
V  [jvm.dll+0x35b8d9]
V  [jvm.dll+0x73b38e]
V  [jvm.dll+0x3c3cc3]
V  [jvm.dll+0x3c60e1]
C  [jli.dll+0x5373]
C  [ucrtbase.dll+0x214c2]
C  [KERNEL32.DLL+0x17034]
C  [ntdll.dll+0x4cec1]


---------------  P R O C E S S  ---------------

Threads class SMR info:
_java_thread_list=0x0000029e3367f900, length=0, elements={
}

Java Threads: ( => current thread )

Other Threads:
  0x0000029e337b1000 GCTaskThread "GC Thread#0" [stack: 0x000000ce21800000,0x000000ce21900000] [id=125452]
  0x0000029e33838000 ConcurrentGCThread "G1 Main Marker" [stack: 0x000000ce21900000,0x000000ce21a00000] [id=126680]
  0x0000029e33839800 ConcurrentGCThread "G1 Conc#0" [stack: 0x000000ce21a00000,0x000000ce21b00000] [id=122936]

[error occurred during error reporting (printing all threads), id 0xc0000005, EXCEPTION_ACCESS_VIOLATION (0xc0000005) at pc=0x00007ffcdb7ab9f7]

VM state:not at safepoint (not fully initialized)

VM Mutex/Monitor currently owned by a thread:  ([mutex/lock_event])
[0x0000029e33796dc0] Heap_lock - owner thread: 0x0000029e3379a000

Heap address: 0x0000000601000000, size: 8176 MB, Compressed Oops mode: Non-zero based: 0x0000000601000000
Narrow klass base: 0x0000000000000000, Narrow klass shift: 0

GC Heap History (0 events):
No events

Deoptimization events (0 events):
No events

Classes redefined (0 events):
No events

Internal exceptions (0 events):
No events

Events (1 events):
Event: 0.007 Loaded shared library C:\Program Files\JetBrains\IntelliJ IDEA 2021.1.3\jbr\bin\zip.dll


Dynamic libraries:
0x00007ff611070000 - 0x00007ff61107a000 	C:\Program Files\JetBrains\IntelliJ IDEA 2021.1.3\jbr\bin\java.exe
0x00007ffd24af0000 - 0x00007ffd24ce6000 	C:\Windows\SYSTEM32\ntdll.dll
0x00007ffd22b60000 - 0x00007ffd22c1d000 	C:\Windows\System32\KERNEL32.DLL
0x00007ffd22240000 - 0x00007ffd22508000 	C:\Windows\System32\KERNELBASE.dll
0x00007ffd227d0000 - 0x00007ffd228d0000 	C:\Windows\System32\ucrtbase.dll
0x00007ffd04b00000 - 0x00007ffd04b17000 	C:\Program Files\JetBrains\IntelliJ IDEA 2021.1.3\jbr\bin\VCRUNTIME140.dll
0x00007ffd04ae0000 - 0x00007ffd04af9000 	C:\Program Files\JetBrains\IntelliJ IDEA 2021.1.3\jbr\bin\jli.dll
0x00007ffd24420000 - 0x00007ffd245c0000 	C:\Windows\System32\USER32.dll
0x00007ffd22620000 - 0x00007ffd22642000 	C:\Windows\System32\win32u.dll
0x00007ffd24660000 - 0x00007ffd2468a000 	C:\Windows\System32\GDI32.dll
0x00007ffd22510000 - 0x00007ffd22619000 	C:\Windows\System32\gdi32full.dll
0x00007ffd0b270000 - 0x00007ffd0b50b000 	C:\Windows\WinSxS\amd64_microsoft.windows.common-controls_6595b64144ccf1df_6.0.19041.488_none_ca04af081b815d21\COMCTL32.dll
0x00007ffd226d0000 - 0x00007ffd2276d000 	C:\Windows\System32\msvcp_win.dll
0x00007ffd24940000 - 0x00007ffd249de000 	C:\Windows\System32\msvcrt.dll
0x00007ffd24910000 - 0x00007ffd24940000 	C:\Windows\System32\IMM32.DLL
0x00007ffd047d0000 - 0x00007ffd0486d000 	C:\Program Files\JetBrains\IntelliJ IDEA 2021.1.3\jbr\bin\msvcp140.dll
0x00007ffcdb4c0000 - 0x00007ffcdc009000 	C:\Program Files\JetBrains\IntelliJ IDEA 2021.1.3\jbr\bin\server\jvm.dll
0x00007ffd23220000 - 0x00007ffd232ca000 	C:\Windows\System32\ADVAPI32.dll
0x00007ffd245c0000 - 0x00007ffd2465b000 	C:\Windows\System32\sechost.dll
0x00007ffd22c80000 - 0x00007ffd22da4000 	C:\Windows\System32\RPCRT4.dll
0x00007ffd24880000 - 0x00007ffd24888000 	C:\Windows\System32\PSAPI.DLL
0x00007ffd18260000 - 0x00007ffd18287000 	C:\Windows\SYSTEM32\WINMM.dll
0x00007ffd09580000 - 0x00007ffd09589000 	C:\Windows\SYSTEM32\WSOCK32.dll
0x00007ffd18160000 - 0x00007ffd1816a000 	C:\Windows\SYSTEM32\VERSION.dll
0x00007ffd23ae0000 - 0x00007ffd23b4b000 	C:\Windows\System32\WS2_32.dll
0x00007ffd201b0000 - 0x00007ffd201c2000 	C:\Windows\SYSTEM32\kernel.appcore.dll
0x00007ffd1c510000 - 0x00007ffd1c521000 	C:\Program Files\JetBrains\IntelliJ IDEA 2021.1.3\jbr\bin\verify.dll
0x00007ffd1a950000 - 0x00007ffd1ab34000 	C:\Windows\SYSTEM32\DBGHELP.DLL
0x00007ffd0b7c0000 - 0x00007ffd0b7ec000 	C:\Windows\SYSTEM32\dbgcore.DLL
0x00007ffd22650000 - 0x00007ffd226cf000 	C:\Windows\System32\bcryptPrimitives.dll
0x00007ffd1c4e0000 - 0x00007ffd1c509000 	C:\Program Files\JetBrains\IntelliJ IDEA 2021.1.3\jbr\bin\java.dll
0x00007ffd1c4d0000 - 0x00007ffd1c4db000 	C:\Program Files\JetBrains\IntelliJ IDEA 2021.1.3\jbr\bin\jimage.dll
0x00007ffd16870000 - 0x00007ffd16888000 	C:\Program Files\JetBrains\IntelliJ IDEA 2021.1.3\jbr\bin\zip.dll

dbghelp: loaded successfully - version: 4.0.5 - missing functions: none
symbol engine: initialized successfully - sym options: 0x614 - pdb path: .;C:\Program Files\JetBrains\IntelliJ IDEA 2021.1.3\jbr\bin;C:\Windows\SYSTEM32;C:\Windows\WinSxS\amd64_microsoft.windows.common-controls_6595b64144ccf1df_6.0.19041.488_none_ca04af081b815d21;C:\Program Files\JetBrains\IntelliJ IDEA 2021.1.3\jbr\bin\server

VM Arguments:
java_command: org.jetbrains.git4idea.http.GitAskPassApp Username for 'https://gitee.com': 
java_class_path (initial): C:/Program Files/JetBrains/IntelliJ IDEA 2021.1.3/plugins/git4idea/lib/git4idea-rt.jar;C:/Program Files/JetBrains/IntelliJ IDEA 2021.1.3/lib/xmlrpc-2.0.1.jar;C:/Program Files/JetBrains/IntelliJ IDEA 2021.1.3/lib/commons-codec-1.15.jar
Launcher Type: SUN_STANDARD

[Global flags]
     intx CICompilerCount                          = 4                                         {product} {ergonomic}
     uint ConcGCThreads                            = 2                                         {product} {ergonomic}
     uint G1ConcRefinementThreads                  = 8                                         {product} {ergonomic}
   size_t G1HeapRegionSize                         = 2097152                                   {product} {ergonomic}
    uintx GCDrainStackTargetSize                   = 64                                        {product} {ergonomic}
   size_t InitialHeapSize                          = 536870912                                 {product} {ergonomic}
   size_t MarkStackSize                            = 4194304                                   {product} {ergonomic}
   size_t MaxHeapSize                              = 8573157376                                {product} {ergonomic}
   size_t MinHeapDeltaBytes                        = 2097152                                   {product} {ergonomic}
    uintx NonNMethodCodeHeapSize                   = 5836300                                {pd product} {ergonomic}
    uintx NonProfiledCodeHeapSize                  = 122910970                              {pd product} {ergonomic}
    uintx ProfiledCodeHeapSize                     = 122910970                              {pd product} {ergonomic}
    uintx ReservedCodeCacheSize                    = 251658240                              {pd product} {ergonomic}
     bool SegmentedCodeCache                       = true                                      {product} {ergonomic}
     bool UseCompressedClassPointers               = true                                 {lp64_product} {ergonomic}
     bool UseCompressedOops                        = true                                 {lp64_product} {ergonomic}
     bool UseG1GC                                  = true                                      {product} {ergonomic}
     bool UseLargePagesIndividualAllocation        = false                                  {pd product} {ergonomic}

Logging:
Log output configuration:
 #0: stdout all=warning uptime,level,tags
 #1: stderr all=off uptime,level,tags

Environment Variables:
JAVA_HOME=C:\Program Files\Zulu\zulu-8
PATH=C:/Program Files/Git/mingw64/libexec/git-core;C:/Program Files/Git/mingw64/libexec/git-core;C:\Program Files\Git\mingw64\bin;C:\Program Files\Git\usr\bin;C:\Users\TEDU\bin;C:\Program Files\Zulu\zulu-8\bin\;C:\Program Files\Zulu\zulu-8\bin;C:\Windows\system32;C:\Windows;C:\Windows\System32\Wbem;C:\Windows\System32\WindowsPowerShell\v1.0\;C:\Windows\System32\OpenSSH\;C:\Program Files\Git\cmd;G:\Program Files (x86)\Bitvise SSH Client;C:\Program Files\MariaDB 10.5\bin;C:\Program Files (x86)\Node.js\;C:\Program Files\Redis\;G:\pgm\erl-24.3.4\bin;C:\Users\TEDU\AppData\Local\Microsoft\WindowsApps;C:\Users\TEDU\AppData\Roaming\npm
USERNAME=TEDU
DISPLAY=:0.0
LC_ALL=en_US.UTF-8
OS=Windows_NT
PROCESSOR_IDENTIFIER=Intel64 Family 6 Model 158 Stepping 9, GenuineIntel



---------------  S Y S T E M  ---------------

OS: Windows 10 , 64 bit Build 19041 (10.0.19041.546)
OS uptime: 2 days 7:35 hours

CPU:total 8 (initial active 8) (4 cores per cpu, 2 threads per core) family 6 model 158 stepping 9 microcode 0xb4, cmov, cx8, fxsr, mmx, sse, sse2, sse3, ssse3, sse4.1, sse4.2, popcnt, avx, avx2, aes, clmul, erms, rtm, 3dnowpref, lzcnt, ht, tsc, tscinvbit, bmi1, bmi2, adx, fma

Memory: 4k page, system-wide physical 32697M (1674M free)
TotalPageFile size 47876M (AvailPageFile size 4M)
current process WorkingSet (physical memory assigned to process): 18M, peak: 18M
current process commit charge ("private bytes"): 582M, peak: 582M

vm_info: OpenJDK 64-Bit Server VM (11.0.11+9-b1341.60) for windows-amd64 JRE (11.0.11+9-b1341.60), built on Jun  4 2021 08:17:54 by "" with MS VC++ 14.0 (VS2015)

END.
